1 1 0 0
1 2 80.2808 83
1 3 83.6301 112
1 4 58 358
1 5 28.3019 24
1 6 12.6491 103
1 7 17.2047 35
1 8 26.4764 29
1 9 43.9659 72
1 10 53.4135 18
1 11 83.1865 108
1 12 13.9284 25
1 13 17.2047 76
1 14 58.7963 38
1 15 46.6905 376
1 16 77.201 144
1 17 69.3109 22
1 18 9.48683 25
1 19 96.2601 16
1 20 12.0416 193
1 21 20.3961 125
1 22 15.8114 129
1 23 28.2312 269
1 24 66.0379 88
1 25 85.6329 0
2 1 80.2808 605
2 2 0 102
2 3 4.12311 0
2 4 22.8254 193
2 5 76.1577 243
2 6 85.6329 141
2 7 83.2406 145
2 8 95.8019 106
2 9 42.9418 66
2 10 26.9072 327
2 11 17.6918 133
2 12 85.703 92
2 13 63.8201 134
2 14 24.0416 86
2 15 45.8803 162
2 16 5 1800
2 17 14.0357 657
2 18 89.202 74
2 19 16.6433 156
2 20 87.6926 235
2 21 91.6788 360
2 22 64.5368 333
2 23 53.8145 296
2 24 17.088 833
2 25 7.07107 0
3 1 83.6301 124
3 2 4.12311 958
3 3 0 24
3 4 25.807 178
3 5 80.1311 0
3 6 89.2749 218
3 7 87.0057 142
3 8 99.6243 72
3 9 46.9574 188
3 10 30.4138 270
3 11 20.2485 341
3 12 89.3756 143
3 13 67.0075 375
3 14 26.4008 294
3 15 49.98 213
3 16 9.05539 131
3 17 15.8114 560
3 18 92.4554 153
3 19 12.8062 65
3 20 91.2853 98
3 21 95.4254 223
3 22 67.9412 724
3 23 57.4891 546
3 24 21.1896 368
3 25 3 0
4 1 58 709
4 2 22.8254 120
4 3 25.807 934
4 4 0 37
4 5 57.8705 352
4 6 64.405 428
4 7 62.7694 0
4 8 75.6637 247
4 9 27 217
4 10 7 408
4 11 32.0624 211
4 12 64.6375 629
4 13 41.2311 463
4 14 5 499
4 15 32.249 212
4 16 20.8806 178
4 17 11.6619 537
4 18 66.7083 1180
4 19 38.2884 454
4 20 66.2193 211
4 21 71.0211 424
4 22 42.45 375
4 23 33.121 403
4 24 14.8661 507
4 25 27.6586 0
5 1 28.3019 886
5 2 76.1577 633
5 3 80.1311 507
5 4 57.8705 628
5 5 0 75
5 6 20.2237 215
5 7 14.0357 164
5 8 21.9545 859
5 9 33.2866 0
5 10 51.264 54
5 11 72.8629 24
5 12 19.105 39
5 13 32.2025 169
5 14 60.8769 25
5 15 31.8277 38
5 16 71.8679 19
5 17 69.2892 57
5 18 35.1141 69
5 19 92.7847 319
5 20 23.1948 247
5 21 20.6155 20
5 22 26.4008 67
5 23 26.0768 17
5 24 59.3633 267
5 25 82.7647 0
6 1 12.6491 914
6 2 85.6329 412
6 3 89.2749 143
6 4 64.405 398
6 5 20.2237 466
6 6 0 34
6 7 6.32456 375
6 8 14.0357 367
6 9 45.4863 404
6 10 58.8982 10
6 11 86.0233 0
6 12 1.41421 26
6 13 26.6833 28
6 14 66.0379 171
6 15 46.5188 12
6 16 82.0244 241
6 17 76.0263 62
6 18 15.8114 24
6 19 102.069 82
6 20 3 469
6 21 8 62
6 22 22.8473 16
6 23 31.8277 14
6 24 70.0928 29
6 25 91.5478 0
7 1 17.2047 259
7 2 83.2406 136
7 3 87.0057 113
7 4 62.7694 189
7 5 14.0357 236
7 6 6.32456 383
7 7 0 29
7 8 13 213
7 9 41.8688 638
7 10 56.8595 526
7 11 82.4621 28
7 12 5.09902 17
7 13 28 0
7 14 64.846 49
7 15 42.19 115
7 16 79.3977 8
7 17 74.4312 69
7 18 21.9545 20
7 19 99.8098 16
7 20 9.21954 53
7 21 8.48528 188
7 22 23.1948 37
7 23 29.6816 17
7 24 67.2086 23
7 25 89.4036 0
8 1 26.4764 47
8 2 95.8019 222
8 3 99.6243 131
8 4 75.6637 421
8 5 21.9545 182
8 6 14.0357 110
8 7 13 260
8 8 0 43
8 9 53.7587 64
8 10 69.6419 291
8 11 94.1116 353
8 12 13 29
8 13 40.3113 29
8 14 77.8203 20
8 15 53.2635 0
8 16 91.8314 208
8 17 87.3212 38
8 18 26.9258 95
8 19 112.414 18
8 20 14.5602 80
8 21 6.08276 101
8 22 35.9026 150
8 23 42.5441 233
8 24 79.511 25
8 25 102.078 0
9 1 43.9659 50
9 2 42.9418 30
9 3 46.9574 115
9 4 27 362
9 5 33.2866 263
9 6 45.4863 217
9 7 41.8688 142
9 8 53.7587 444
9 9 0 34
9 10 20 381
9 11 40.6079 357
9 12 45.2217 914
9 13 32.0156 31
9 14 31.1448 36
9 15 6.40312 19
9 16 38.5876 30
9 17 37.4833 0
9 18 53.4509 185
9 19 59.5399 265
9 20 48.0208 274
9 21 50.3289 254
9 22 29.2746 665
9 23 16.1245 141
9 24 26.0768 259
9 25 49.6588 0
10 1 53.4135 173
10 2 26.9072 157
10 3 30.4138 253
10 4 7 448
10 5 51.264 356
10 6 58.8982 1165
10 7 56.8595 526
10 8 69.6419 343
10 9 20 663
10 10 0 24
10 11 32.3883 135
10 12 59.0339 440
10 13 37.2156 896
10 14 11.4018 27
10 15 25.318 21
10 16 23.8537 17
10 17 18.0278 17
10 18 62.426 394
10 19 43.1856 0
10 20 60.8769 72
10 21 65.215 23
10 22 37.6431 55
10 23 27.2029 70
10 24 14.1421 261
10 25 32.6497 0
11 1 83.1865 54
11 2 17.6918 11
11 3 20.2485 19
11 4 32.0624 20
11 5 72.8629 213
11 6 86.0233 366
11 7 82.4621 253
11 8 94.1116 247
11 9 40.6079 113
11 10 32.3883 252
11 11 0 20
11 12 85.8021 326
11 13 68.352 291
11 14 35.5106 670
11 15 41.0366 29
11 16 14.4222 45
11 17 28.6356 15
11 18 92.5743 11
11 19 27.1662 182
11 20 88.4816 36
11 21 90.9065 0
11 22 67.5426 40
11 23 55.0727 143
11 24 18.2483 51
11 25 22.8254 0
12 1 13.9284 471
12 2 85.703 117
12 3 89.3756 67
12 4 64.6375 71
12 5 19.105 110
12 6 1.41421 435
12 7 5.09902 410
12 8 13 247
12 9 45.2217 461
12 10 59.0339 357
12 11 85.8021 949
12 12 0 24
12 13 27.4591 501
12 14 66.3702 470
12 15 46.0652 377
12 16 82.0366 28
12 17 76.2758 32
12 18 17.2047 23
12 19 102.176 15
12 20 4.12311 292
12 21 7.07107 22
12 22 23.4094 94
12 23 31.8904 0
12 24 70.0357 26
12 25 91.6788 0
13 1 17.2047 105
13 2 63.8201 632
13 3 67.0075 128
13 4 41.2311 42
13 5 32.2025 128
13 6 26.6833 22
13 7 28 345
13 8 40.3113 280
13 9 32.0156 183
13 10 37.2156 174
13 11 68.352 152
13 12 27.4591 260
13 13 0 41
13 14 41.7253 467
13 15 36.4966 131
13 16 61.0574 682
13 17 52.345 26
13 18 25.4951 10
13 19 79.511 20
13 20 27.5136 24
13 21 34.5254 277
13 22 5.83095 15
13 23 16.2788 77
13 24 50.5668 50
13 25 68.884 0
14 1 58.7963 0
14 2 24.0416 88
14 3 26.4008 204
14 4 5 133
14 5 60.8769 51
14 6 66.0379 49
14 7 64.846 40
14 8 77.8203 243
14 9 31.1448 441
14 10 11.4018 572
14 11 35.5106 254
14 12 66.3702 179
14 13 41.7253 357
14 14 0 25
14 15 36.6742 327
14 16 23.0868 243
14 17 10.8167 644
14 18 67.1789 19
14 19 38.2753 25
14 20 67.6757 17
14 21 72.9452 27
14 22 43.6005 290
14 23 35.4683 12
14 24 19.2354 134
14 25 27.7849 0
15 1 46.6905 17
15 2 45.8803 46
15 3 49.98 0
15 4 32.249 126
15 5 31.8277 151
15 6 46.5188 115
15 7 42.19 60
15 8 53.2635 82
15 9 6.40312 591
15 10 25.318 255
15 11 41.0366 367
15 12 46.0652 261
15 13 36.4966 88
15 14 36.6742 363
15 15 0 19
15 16 41.2311 222
15 17 42.0476 165
15 18 56.0892 1213
15 19 62.2415 24
15 20 49.2443 21
15 21 50.4777 20
15 22 33.0151 29
15 23 20.2237 466
15 24 28.7924 15
15 25 52.811 0
16 1 77.201 126
16 2 5 25
16 3 9.05539 52
16 4 20.8806 117
16 5 71.8679 0
16 6 82.0244 1351
16 7 79.3977 338
16 8 91.8314 201
16 9 38.5876 214
16 10 23.8537 706
16 11 14.4222 374
16 12 82.0366 411
16 13 61.0574 1091
16 14 23.0868 209
16 15 41.2311 1214
16 16 0 23
16 17 14.5602 124
16 18 86.267 210
16 19 21.0238 384
16 20 84.1724 13
16 21 87.8635 80
16 22 61.4003 16
16 23 50.2096 38
16 24 12.53 222
16 25 12.0416 0
17 1 69.3109 26
17 2 14.0357 48
17 3 15.8114 21
17 4 11.6619 43
17 5 69.2892 88
17 6 76.0263 500
17 7 74.4312 0
17 8 87.3212 89
17 9 37.4833 487
17 10 18.0278 161
17 11 28.6356 169
17 12 76.2758 713
17 13 52.345 352
17 14 10.8167 611
17 15 42.0476 411
17 16 14.5602 276
17 17 0 15
17 18 77.8332 105
17 19 27.4591 195
17 20 77.801 311
17 21 82.6801 17
17 22 53.9073 27
17 23 44.7772 18
17 24 17 52
17 25 17 0
18 1 9.48683 386
18 2 89.202 8
18 3 92.4554 105
18 4 66.7083 26
18 5 35.1141 30
18 6 15.8114 34
18 7 21.9545 608
18 8 26.9258 235
18 9 53.4509 0
18 10 62.426 47
18 11 92.5743 10
18 12 17.2047 341
18 13 25.4951 148
18 14 67.1789 279
18 15 56.0892 389
18 16 86.267 146
18 17 77.8332 126
18 18 0 40
18 19 104.995 153
18 20 13.4536 423
18 21 21.4009 811
18 22 25.0599 29
18 23 37.6962 28
18 24 75.2928 20
18 25 94.3663 0
19 1 96.2601 26
19 2 16.6433 626
19 3 12.8062 17
19 4 38.2884 35
19 5 92.7847 81
19 6 102.069 29
19 7 99.8098 68
19 8 112.414 300
19 9 59.5399 173
19 10 43.1856 11
19 11 27.1662 0
19 12 102.176 51
19 13 79.511 410
19 14 38.2753 189
19 15 62.2415 397
19 16 21.0238 224
19 17 27.4591 257
19 18 104.995 278
19 19 0 31
19 20 104.062 258
19 21 108.231 610
19 22 80.6226 604
19 23 70.2922 32
19 24 33.541 30
19 25 10.6301 0
20 1 12.0416 21
20 2 87.6926 30
20 3 91.2853 417
20 4 66.2193 13
20 5 23.1948 222
20 6 3 37
20 7 9.21954 33
20 8 14.5602 82
20 9 48.0208 530
20 10 60.8769 166
20 11 88.4816 12
20 12 4.12311 15
20 13 27.5136 0
20 14 67.6757 151
20 15 49.2443 108
20 16 84.1724 195
20 17 77.801 120
20 18 13.4536 139
20 19 104.062 448
20 20 0 22
20 21 8.544 274
20 22 24.1868 271
20 23 33.9706 902
20 24 72.3464 19
20 25 93.5094 0
21 1 20.3961 29
21 2 91.6788 30
21 3 95.4254 51
21 4 71.0211 559
21 5 20.6155 25
21 6 8 129
21 7 8.48528 19
21 8 6.08276 65
21 9 50.3289 45
21 10 65.215 673
21 11 90.9065 144
21 12 7.07107 19
21 13 34.5254 48
21 14 72.9452 45
21 15 50.4777 0
21 16 87.8635 922
21 17 82.6801 468
21 18 21.4009 468
21 19 108.231 788
21 20 8.544 1026
21 21 0 18
21 22 30.3645 142
21 23 38.0132 356
21 24 75.6902 774
21 25 97.8008 0
22 1 15.8114 14
22 2 64.5368 31
22 3 67.9412 44
22 4 42.45 51
22 5 26.4008 348
22 6 22.8473 35
22 7 23.1948 139
22 8 35.9026 12
22 9 29.2746 25
22 10 37.6431 127
22 11 67.5426 324
22 12 23.4094 93
22 13 5.83095 13
22 14 43.6005 31
22 15 33.0151 12
22 16 61.4003 548
22 17 53.9073 0
22 18 25.0599 653
22 19 80.6226 318
22 20 24.1868 183
22 21 30.3645 1096
22 22 0 33
22 23 13.1529 294
22 24 50.2494 168
22 25 70.0071 0
23 1 28.2312 291
23 2 53.8145 36
23 3 57.4891 41
23 4 33.121 19
23 5 26.0768 31
23 6 31.8277 285
23 7 29.6816 10
23 8 42.5441 281
23 9 16.1245 93
23 10 27.2029 51
23 11 55.0727 46
23 12 31.8904 1015
23 13 16.2788 300
23 14 35.4683 12
23 15 20.2237 67
23 16 50.2096 9
23 17 44.7772 591
23 18 37.6962 697
23 19 70.2922 0
23 20 33.9706 1503
23 21 38.0132 584
23 22 13.1529 1138
23 23 0 44
23 24 38.4187 294
23 25 59.8164 0
24 1 66.0379 135
24 2 17.088 1223
24 3 21.1896 8
24 4 14.8661 27
24 5 59.3633 48
24 6 70.0928 29
24 7 67.2086 153
24 8 79.511 21
24 9 26.0768 40
24 10 14.1421 35
24 11 18.2483 35
24 12 70.0357 35
24 13 50.5668 824
24 14 19.2354 111
24 15 28.7924 6
24 16 12.53 51
24 17 17 37
24 18 75.2928 607
24 19 33.541 639
24 20 72.3464 554
24 21 75.6902 0
24 22 50.2494 432
24 23 38.4187 658
24 24 0 19
24 25 24.0416 0
25 1 85.6329 0
25 2 7.07107 0
25 3 3 0
25 4 27.6586 0
25 5 82.7647 0
25 6 91.5478 0
25 7 89.4036 0
25 8 102.078 0
25 9 49.6588 0
25 10 32.6497 0
25 11 22.8254 0
25 12 91.6788 0
25 13 68.884 0
25 14 27.7849 0
25 15 52.811 0
25 16 1.76126e-312 0
25 17 7.59674e-312 0
25 18 2.18566e-312 0
25 19 6.15379e-313 0
25 20 3.81959e-313 0
25 21 5.30499e-313 0
25 22 8.06358e-313 0
25 23 3.05567e-312 0
25 24 5.30499e-313 0
25 25 4.09545e-312 0
